<?xml version="1.0" encoding="UTF-8"?>
<!-- Generated by org.testng.reporters.JUnitReportReporter -->
<testsuite hostname="LAPTOP-FCOBB088" failures="0" tests="1" name="TestRunner.Runner" time="6.303" errors="0" timestamp="2025-01-23T17:44:06 IST" skipped="0">
  <testcase classname="TestRunner.Runner" name="runScenario" time="6.303"/>
  <system-out/>
</testsuite> <!-- TestRunner.Runner -->
