<?xml version="1.0" encoding="UTF-8"?>
<!-- Generated by org.testng.reporters.JUnitReportReporter -->
<testsuite hostname="LAPTOP-FCOBB088" failures="0" tests="4" name="TestRunner.Runner" time="25.641" errors="0" timestamp="2025-01-24T22:57:37 IST" skipped="0">
  <testcase classname="TestRunner.Runner" name="runScenario" time="4.485"/>
  <system-out/>
  <testcase classname="TestRunner.Runner" name="runScenario" time="16.507"/>
  <system-out/>
  <testcase classname="TestRunner.Runner" name="runScenario" time="3.280"/>
  <system-out/>
  <testcase classname="TestRunner.Runner" name="runScenario" time="1.369"/>
  <system-out/>
</testsuite> <!-- TestRunner.Runner -->
