<?xml version="1.0" encoding="UTF-8"?>
<!-- Generated by org.testng.reporters.JUnitReportReporter -->
<testsuite hostname="DESKTOP-J6JTO39" failures="0" tests="2" name="TestRunner.Runner" time="36.516" errors="0" timestamp="2025-01-23T18:24:49 IST" skipped="0">
  <testcase classname="TestRunner.Runner" name="runScenario" time="22.055"/>
  <system-out/>
  <testcase classname="TestRunner.Runner" name="runScenario" time="14.461"/>
  <system-out/>
</testsuite> <!-- TestRunner.Runner -->
