<?xml version="1.0" encoding="UTF-8"?>
<!-- Generated by org.testng.reporters.JUnitReportReporter -->
<testsuite hostname="LAPTOP-FCOBB088" failures="0" tests="3" name="TestRunner.Runner" time="16.637" errors="0" timestamp="2025-01-24T18:21:53 IST" skipped="0">
  <testcase classname="TestRunner.Runner" name="runScenario" time="11.174"/>
  <system-out/>
  <testcase classname="TestRunner.Runner" name="runScenario" time="2.646"/>
  <system-out/>
  <testcase classname="TestRunner.Runner" name="runScenario" time="2.817"/>
  <system-out/>
</testsuite> <!-- TestRunner.Runner -->
